<?xml version="1.0" encoding="UTF-8"?>
<testng-results ignored="0" total="1" passed="1" failed="0" skipped="0">
  <reporter-output>
  </reporter-output>
  <suite started-at="2021-11-03T14:38:06 IST" name="Default suite" finished-at="2021-11-03T14:39:06 IST" duration-ms="59224">
    <groups>
    </groups>
    <test started-at="2021-11-03T14:38:06 IST" name="Default test" finished-at="2021-11-03T14:39:06 IST" duration-ms="59224">
      <class name="Practice">
        <test-method signature="DD()[pri:0, instance:Practice@7c24b813]" started-at="2021-11-03T14:38:07 IST" name="DD" finished-at="2021-11-03T14:39:05 IST" duration-ms="58759" status="PASS">
          <reporter-output>
          </reporter-output>
        </test-method> <!-- DD -->
      </class> <!-- Practice -->
    </test> <!-- Default test -->
  </suite> <!-- Default suite -->
</testng-results>
